<?xml version="1.0" encoding="UTF-8"?>
<!-- Generated by org.testng.reporters.JUnitXMLReporter -->
<testsuite ignored="0" hostname="DESKTOP-QO4EGD0" failures="0" tests="3" name="Test" time="42.28" errors="0" timestamp="08 Aug 2022 08:48:46 GMT">
  <testcase classname="core.Page" name="@AfterTest afterTest" time="0.934">
    <failure type="java.lang.NoClassDefFoundError" message="com/sun/mail/util/MailLogger">
      <![CDATA[java.lang.NoClassDefFoundError: com/sun/mail/util/MailLogger
	at javax.mail.Session.initLogger(Session.java:261)
	at javax.mail.Session.<init>(Session.java:245)
	at javax.mail.Session.getDefaultInstance(Session.java:356)
	at utility.monitoringMail.sendMail(monitoringMail.java:44)
	at core.Page.afterTest(Page.java:124)
Caused by: java.lang.ClassNotFoundException: com.sun.mail.util.MailLogger
	at java.base/jdk.internal.loader.BuiltinClassLoader.loadClass(BuiltinClassLoader.java:641)
	at java.base/jdk.internal.loader.ClassLoaders$AppClassLoader.loadClass(ClassLoaders.java:188)
	at java.base/java.lang.ClassLoader.loadClass(ClassLoader.java:520)
	... 28 more
... Removed 23 stack frames]]>
    </failure>
  </testcase> <!-- @AfterTest afterTest -->
  <testcase classname="testcases.LoginTest" name="test" time="1.304"/>
  <testcase classname="testcases.LoginTest" name="test" time="1.142"/>
  <testcase classname="testcases.LoginTest" name="test" time="0.763"/>
</testsuite> <!-- Test -->
