<?xml version="1.0" encoding="UTF-8"?>
<testng-results ignored="0" total="3" passed="3" failed="0" skipped="0">
  <reporter-output>
  </reporter-output>
  <suite started-at="2022-08-08T08:48:04Z" name="Suite" finished-at="2022-08-08T08:48:46Z" duration-ms="42280">
    <groups>
    </groups>
    <test started-at="2022-08-08T08:48:04Z" name="Test" finished-at="2022-08-08T08:48:46Z" duration-ms="42280">
      <class name="testcases.LoginTest">
        <test-method is-config="true" signature="createReport(java.lang.String)[pri:0, instance:testcases.LoginTest@c86b9e3]" started-at="2022-08-08T14:18:04Z" name="createReport" finished-at="2022-08-08T14:18:05Z" duration-ms="1250" status="PASS">
          <params>
            <param index="0">
              <value>
                <![CDATA[seeker]]>
              </value>
            </param>
          </params>
          <reporter-output>
          </reporter-output>
        </test-method> <!-- createReport -->
        <test-method is-config="true" signature="readXPath(java.lang.String)[pri:0, instance:testcases.LoginTest@c86b9e3]" started-at="2022-08-08T14:18:05Z" name="readXPath" finished-at="2022-08-08T14:18:05Z" duration-ms="1" status="PASS">
          <params>
            <param index="0">
              <value>
                <![CDATA[seeker]]>
              </value>
            </param>
          </params>
          <reporter-output>
          </reporter-output>
        </test-method> <!-- readXPath -->
        <test-method is-config="true" signature="openBrowser(java.lang.String, java.lang.String, java.lang.String)[pri:0, instance:testcases.LoginTest@c86b9e3]" started-at="2022-08-08T14:18:08Z" name="openBrowser" finished-at="2022-08-08T14:18:22Z" duration-ms="14862" status="PASS">
          <params>
            <param index="0">
              <value>
                <![CDATA[chrome]]>
              </value>
            </param>
            <param index="1">
              <value>
                <![CDATA[http://www.nethorizonconsultancy.com/Seeker.aspx]]>
              </value>
            </param>
            <param index="2">
              <value>
                <![CDATA[Seeker]]>
              </value>
            </param>
          </params>
          <reporter-output>
          </reporter-output>
        </test-method> <!-- openBrowser -->
        <test-method signature="test(java.lang.String, java.lang.String)[pri:0, instance:testcases.LoginTest@c86b9e3]" started-at="2022-08-08T14:18:22Z" name="test" data-provider="logindata" finished-at="2022-08-08T14:18:24Z" duration-ms="1304" status="PASS">
          <params>
            <param index="0">
              <value>
                <![CDATA[abc]]>
              </value>
            </param>
            <param index="1">
              <value>
                <![CDATA[abc]]>
              </value>
            </param>
          </params>
          <reporter-output>
          </reporter-output>
        </test-method> <!-- test -->
        <test-method is-config="true" signature="closeBrowser()[pri:0, instance:testcases.LoginTest@c86b9e3]" started-at="2022-08-08T14:18:24Z" name="closeBrowser" finished-at="2022-08-08T14:18:25Z" duration-ms="1338" status="PASS">
          <reporter-output>
          </reporter-output>
        </test-method> <!-- closeBrowser -->
        <test-method is-config="true" signature="openBrowser(java.lang.String, java.lang.String, java.lang.String)[pri:0, instance:testcases.LoginTest@c86b9e3]" started-at="2022-08-08T14:18:25Z" name="openBrowser" finished-at="2022-08-08T14:18:33Z" duration-ms="8059" status="PASS">
          <params>
            <param index="0">
              <value>
                <![CDATA[chrome]]>
              </value>
            </param>
            <param index="1">
              <value>
                <![CDATA[http://www.nethorizonconsultancy.com/Seeker.aspx]]>
              </value>
            </param>
            <param index="2">
              <value>
                <![CDATA[Seeker]]>
              </value>
            </param>
          </params>
          <reporter-output>
          </reporter-output>
        </test-method> <!-- openBrowser -->
        <test-method signature="test(java.lang.String, java.lang.String)[pri:0, instance:testcases.LoginTest@c86b9e3]" started-at="2022-08-08T14:18:33Z" name="test" data-provider="logindata" finished-at="2022-08-08T14:18:34Z" duration-ms="1142" status="PASS">
          <params>
            <param index="0">
              <value>
                <![CDATA[xyz]]>
              </value>
            </param>
            <param index="1">
              <value>
                <![CDATA[xyz]]>
              </value>
            </param>
          </params>
          <reporter-output>
          </reporter-output>
        </test-method> <!-- test -->
        <test-method is-config="true" signature="closeBrowser()[pri:0, instance:testcases.LoginTest@c86b9e3]" started-at="2022-08-08T14:18:34Z" name="closeBrowser" finished-at="2022-08-08T14:18:36Z" duration-ms="1415" status="PASS">
          <reporter-output>
          </reporter-output>
        </test-method> <!-- closeBrowser -->
        <test-method is-config="true" signature="openBrowser(java.lang.String, java.lang.String, java.lang.String)[pri:0, instance:testcases.LoginTest@c86b9e3]" started-at="2022-08-08T14:18:36Z" name="openBrowser" finished-at="2022-08-08T14:18:43Z" duration-ms="7589" status="PASS">
          <params>
            <param index="0">
              <value>
                <![CDATA[chrome]]>
              </value>
            </param>
            <param index="1">
              <value>
                <![CDATA[http://www.nethorizonconsultancy.com/Seeker.aspx]]>
              </value>
            </param>
            <param index="2">
              <value>
                <![CDATA[Seeker]]>
              </value>
            </param>
          </params>
          <reporter-output>
          </reporter-output>
        </test-method> <!-- openBrowser -->
        <test-method signature="test(java.lang.String, java.lang.String)[pri:0, instance:testcases.LoginTest@c86b9e3]" started-at="2022-08-08T14:18:43Z" name="test" data-provider="logindata" finished-at="2022-08-08T14:18:44Z" duration-ms="763" status="PASS">
          <params>
            <param index="0">
              <value>
                <![CDATA[ddd]]>
              </value>
            </param>
            <param index="1">
              <value>
                <![CDATA[dd]]>
              </value>
            </param>
          </params>
          <reporter-output>
          </reporter-output>
        </test-method> <!-- test -->
        <test-method is-config="true" signature="closeBrowser()[pri:0, instance:testcases.LoginTest@c86b9e3]" started-at="2022-08-08T14:18:44Z" name="closeBrowser" finished-at="2022-08-08T14:18:45Z" duration-ms="730" status="PASS">
          <reporter-output>
          </reporter-output>
        </test-method> <!-- closeBrowser -->
        <test-method is-config="true" signature="afterTest()[pri:0, instance:testcases.LoginTest@c86b9e3]" started-at="2022-08-08T14:18:45Z" name="afterTest" finished-at="2022-08-08T14:18:46Z" duration-ms="934" status="FAIL">
          <exception class="java.lang.NoClassDefFoundError">
            <message>
              <![CDATA[com/sun/mail/util/MailLogger]]>
            </message>
            <full-stacktrace>
              <![CDATA[java.lang.NoClassDefFoundError: com/sun/mail/util/MailLogger
	at javax.mail.Session.initLogger(Session.java:261)
	at javax.mail.Session.<init>(Session.java:245)
	at javax.mail.Session.getDefaultInstance(Session.java:356)
	at utility.monitoringMail.sendMail(monitoringMail.java:44)
	at core.Page.afterTest(Page.java:124)
	at java.base/jdk.internal.reflect.NativeMethodAccessorImpl.invoke0(Native Method)
	at java.base/jdk.internal.reflect.NativeMethodAccessorImpl.invoke(NativeMethodAccessorImpl.java:77)
	at java.base/jdk.internal.reflect.DelegatingMethodAccessorImpl.invoke(DelegatingMethodAccessorImpl.java:43)
	at java.base/java.lang.reflect.Method.invoke(Method.java:568)
	at org.testng.internal.MethodInvocationHelper.invokeMethod(MethodInvocationHelper.java:108)
	at org.testng.internal.Invoker.invokeConfigurationMethod(Invoker.java:523)
	at org.testng.internal.Invoker.invokeConfigurations(Invoker.java:224)
	at org.testng.internal.Invoker.invokeConfigurations(Invoker.java:146)
	at org.testng.TestRunner.afterRun(TestRunner.java:958)
	at org.testng.TestRunner.run(TestRunner.java:606)
	at org.testng.SuiteRunner.runTest(SuiteRunner.java:380)
	at org.testng.SuiteRunner.runSequentially(SuiteRunner.java:375)
	at org.testng.SuiteRunner.privateRun(SuiteRunner.java:340)
	at org.testng.SuiteRunner.run(SuiteRunner.java:289)
	at org.testng.SuiteRunnerWorker.runSuite(SuiteRunnerWorker.java:52)
	at org.testng.SuiteRunnerWorker.run(SuiteRunnerWorker.java:86)
	at org.testng.TestNG.runSuitesSequentially(TestNG.java:1301)
	at org.testng.TestNG.runSuitesLocally(TestNG.java:1226)
	at org.testng.TestNG.runSuites(TestNG.java:1144)
	at org.testng.TestNG.run(TestNG.java:1115)
	at org.testng.remote.AbstractRemoteTestNG.run(AbstractRemoteTestNG.java:132)
	at org.testng.remote.RemoteTestNG.initAndRun(RemoteTestNG.java:230)
	at org.testng.remote.RemoteTestNG.main(RemoteTestNG.java:76)
Caused by: java.lang.ClassNotFoundException: com.sun.mail.util.MailLogger
	at java.base/jdk.internal.loader.BuiltinClassLoader.loadClass(BuiltinClassLoader.java:641)
	at java.base/jdk.internal.loader.ClassLoaders$AppClassLoader.loadClass(ClassLoaders.java:188)
	at java.base/java.lang.ClassLoader.loadClass(ClassLoader.java:520)
	... 28 more
]]>
            </full-stacktrace>
          </exception> <!-- java.lang.NoClassDefFoundError -->
          <reporter-output>
          </reporter-output>
        </test-method> <!-- afterTest -->
      </class> <!-- testcases.LoginTest -->
    </test> <!-- Test -->
  </suite> <!-- Suite -->
</testng-results>
